2020-09-28 20:19:20.722  INFO LAPTOP-DO0SM7GC --- [           main] c.e.R.BackendApplication                 : Starting BackendApplication on LAPTOP-DO0SM7GC with PID 4092 (D:\Java Projects\New folder\backend\target\classes started by khanh in D:\Java Projects\New folder\backend)
2020-09-28 20:19:20.732  INFO LAPTOP-DO0SM7GC --- [           main] c.e.R.BackendApplication                 : No active profile set, falling back to default profiles: default
2020-09-28 20:19:21.482  INFO LAPTOP-DO0SM7GC --- [           main] .s.d.r.c.RepositoryConfigurationDelegate : Bootstrapping Spring Data JPA repositories in DEFERRED mode.
2020-09-28 20:19:21.530  INFO LAPTOP-DO0SM7GC --- [           main] .s.d.r.c.RepositoryConfigurationDelegate : Finished Spring Data repository scanning in 42ms. Found 2 JPA repository interfaces.
2020-09-28 20:19:21.724  INFO LAPTOP-DO0SM7GC --- [           main] trationDelegate$BeanPostProcessorChecker : Bean 'org.springframework.security.access.expression.method.DefaultMethodSecurityExpressionHandler@66236a0a' of type [org.springframework.security.access.expression.method.DefaultMethodSecurityExpressionHandler] is not eligible for getting processed by all BeanPostProcessors (for example: not eligible for auto-proxying)
2020-09-28 20:19:21.729  INFO LAPTOP-DO0SM7GC --- [           main] trationDelegate$BeanPostProcessorChecker : Bean 'methodSecurityMetadataSource' of type [org.springframework.security.access.method.DelegatingMethodSecurityMetadataSource] is not eligible for getting processed by all BeanPostProcessors (for example: not eligible for auto-proxying)
2020-09-28 20:19:21.908  INFO LAPTOP-DO0SM7GC --- [           main] o.s.b.w.e.t.TomcatWebServer              : Tomcat initialized with port(s): 8090 (http)
2020-09-28 20:19:21.914  INFO LAPTOP-DO0SM7GC --- [           main] o.a.c.h.Http11NioProtocol                : Initializing ProtocolHandler ["http-nio-8090"]
2020-09-28 20:19:21.915  INFO LAPTOP-DO0SM7GC --- [           main] o.a.c.c.StandardService                  : Starting service [Tomcat]
2020-09-28 20:19:21.916  INFO LAPTOP-DO0SM7GC --- [           main] o.a.c.c.StandardEngine                   : Starting Servlet engine: [Apache Tomcat/9.0.37]
2020-09-28 20:19:22.041  INFO LAPTOP-DO0SM7GC --- [           main] o.a.c.c.C.[.[.[/]                        : Initializing Spring embedded WebApplicationContext
2020-09-28 20:19:22.041  INFO LAPTOP-DO0SM7GC --- [           main] w.s.c.ServletWebServerApplicationContext : Root WebApplicationContext: initialization completed in 1270 ms
2020-09-28 20:19:22.244  INFO LAPTOP-DO0SM7GC --- [           main] o.s.s.c.ThreadPoolTaskExecutor           : Initializing ExecutorService 'applicationTaskExecutor'
2020-09-28 20:19:22.277  INFO LAPTOP-DO0SM7GC --- [         task-1] o.h.j.i.u.LogHelper                      : HHH000204: Processing PersistenceUnitInfo [name: default]
2020-09-28 20:19:22.311  INFO LAPTOP-DO0SM7GC --- [         task-1] o.h.Version                              : HHH000412: Hibernate ORM core version 5.4.20.Final
2020-09-28 20:19:22.315  WARN LAPTOP-DO0SM7GC --- [           main] JpaBaseConfiguration$JpaWebConfiguration : spring.jpa.open-in-view is enabled by default. Therefore, database queries may be performed during view rendering. Explicitly configure spring.jpa.open-in-view to disable this warning
2020-09-28 20:19:22.411  INFO LAPTOP-DO0SM7GC --- [         task-1] o.h.a.c.Version                          : HCANN000001: Hibernate Commons Annotations {5.1.0.Final}
2020-09-28 20:19:22.478  INFO LAPTOP-DO0SM7GC --- [           main] o.s.s.w.DefaultSecurityFilterChain       : Creating filter chain: any request, [org.springframework.security.web.context.request.async.WebAsyncManagerIntegrationFilter@6a8a551e, org.springframework.security.web.context.SecurityContextPersistenceFilter@77324a58, org.springframework.security.web.header.HeaderWriterFilter@13f40d71, org.springframework.security.web.authentication.logout.LogoutFilter@621f23ac, com.example.ReactBackend.Filters.JwtRequestFilter@2de6f1bc, org.springframework.security.web.savedrequest.RequestCacheAwareFilter@307cf964, org.springframework.security.web.servletapi.SecurityContextHolderAwareRequestFilter@7a36c83a, org.springframework.security.web.authentication.AnonymousAuthenticationFilter@3cc9632d, org.springframework.security.web.session.SessionManagementFilter@5329f6b3, org.springframework.security.web.access.ExceptionTranslationFilter@1bee0085, org.springframework.security.web.access.intercept.FilterSecurityInterceptor@10ed037a]
2020-09-28 20:19:22.486  INFO LAPTOP-DO0SM7GC --- [         task-1] c.z.h.HikariDataSource                   : HikariPool-1 - Starting...
2020-09-28 20:19:22.606  INFO LAPTOP-DO0SM7GC --- [         task-1] c.z.h.HikariDataSource                   : HikariPool-1 - Start completed.
2020-09-28 20:19:22.617  INFO LAPTOP-DO0SM7GC --- [         task-1] o.h.d.Dialect                            : HHH000400: Using dialect: org.hibernate.dialect.MySQL5InnoDBDialect
2020-09-28 20:19:23.058  INFO LAPTOP-DO0SM7GC --- [         task-1] o.h.e.t.j.p.i.JtaPlatformInitiator       : HHH000490: Using JtaPlatform implementation: [org.hibernate.engine.transaction.jta.platform.internal.NoJtaPlatform]
2020-09-28 20:19:23.064  INFO LAPTOP-DO0SM7GC --- [         task-1] j.LocalContainerEntityManagerFactoryBean : Initialized JPA EntityManagerFactory for persistence unit 'default'
2020-09-28 20:19:23.108  INFO LAPTOP-DO0SM7GC --- [           main] o.s.b.a.e.w.EndpointLinksResolver        : Exposing 2 endpoint(s) beneath base path '/actuator'
2020-09-28 20:19:23.143  INFO LAPTOP-DO0SM7GC --- [           main] o.a.c.h.Http11NioProtocol                : Starting ProtocolHandler ["http-nio-8090"]
2020-09-28 20:19:23.161  INFO LAPTOP-DO0SM7GC --- [           main] o.s.b.w.e.t.TomcatWebServer              : Tomcat started on port(s): 8090 (http) with context path ''
2020-09-28 20:19:23.162  INFO LAPTOP-DO0SM7GC --- [           main] DeferredRepositoryInitializationListener : Triggering deferred initialization of Spring Data repositories…
2020-09-28 20:19:23.358  INFO LAPTOP-DO0SM7GC --- [           main] DeferredRepositoryInitializationListener : Spring Data repositories initialized!
2020-09-28 20:19:23.368  INFO LAPTOP-DO0SM7GC --- [           main] c.e.R.BackendApplication                 : Started BackendApplication in 2.911 seconds (JVM running for 3.825)
2020-09-28 20:19:23.780  INFO LAPTOP-DO0SM7GC --- [2)-192.168.0.13] o.a.c.c.C.[.[.[/]                        : Initializing Spring DispatcherServlet 'dispatcherServlet'
2020-09-28 20:19:23.780  INFO LAPTOP-DO0SM7GC --- [2)-192.168.0.13] o.s.w.s.DispatcherServlet                : Initializing Servlet 'dispatcherServlet'
2020-09-28 20:19:23.785  INFO LAPTOP-DO0SM7GC --- [2)-192.168.0.13] o.s.w.s.DispatcherServlet                : Completed initialization in 5 ms
